<?xml version="1.0" encoding="UTF-8"?>
<!-- Generated by org.testng.reporters.JUnitReportReporter -->
<testsuite hostname="RASHEED-PC" failures="0" tests="1" name="testngpart2.MyTest1" time="0.022" errors="0" timestamp="26 Feb 2019 01:55:26 GMT">
  <testcase classname="testngpart2.MyTest1" name="f2" time="0.022"/>
</testsuite> <!-- testngpart2.MyTest1 -->
