<?xml version="1.0" encoding="UTF-8"?>
<!-- Generated by org.testng.reporters.JUnitReportReporter -->
<testsuite hostname="RASHEED-PC" failures="0" tests="1" name="testngpart2.MyTest2" time="0.017" errors="0" timestamp="26 Feb 2019 02:07:42 GMT">
  <testcase classname="testngpart2.MyTest2" name="loginTest" time="0.017"/>
</testsuite> <!-- testngpart2.MyTest2 -->
