<?xml version="1.0" encoding="UTF-8"?>
<!-- Generated by org.testng.reporters.JUnitReportReporter -->
<testsuite hostname="RASHEED-PC" failures="0" tests="6" name="testngpart2.MyTest4" time="0.028" errors="0" timestamp="26 Feb 2019 02:49:37 GMT">
  <testcase classname="testngpart2.MyTest4" name="addEmergencyDetails" time="0.004"/>
  <testcase classname="testngpart2.MyTest4" name="addEmergencyDetails" time="0.011"/>
  <testcase classname="testngpart2.MyTest4" name="cancelLeave" time="0.004"/>
  <testcase classname="testngpart2.MyTest4" name="appplyLeave" time="0.002"/>
  <testcase classname="testngpart2.MyTest4" name="cancelLeave" time="0.005"/>
  <testcase classname="testngpart2.MyTest4" name="appplyLeave" time="0.002"/>
</testsuite> <!-- testngpart2.MyTest4 -->
