<?xml version="1.0" encoding="UTF-8"?>
<!-- Generated by org.testng.reporters.JUnitReportReporter -->
<testsuite hostname="RASHEED-PC" failures="0" tests="1" name="testscripts.Module2" time="47.879" errors="0" timestamp="7 Mar 2019 04:17:04 GMT">
  <testcase classname="testscripts.Module2" name="TC02_addEmergnecyDetails" time="47.879"/>
</testsuite> <!-- testscripts.Module2 -->
