<?xml version="1.0" encoding="UTF-8"?>
<!-- Generated by org.testng.reporters.JUnitReportReporter -->
<testsuite hostname="RASHEED-PC" failures="0" tests="2" name="testngpart2.MyTest3" time="0.022" errors="0" timestamp="26 Feb 2019 02:29:13 GMT">
  <testcase classname="testngpart2.MyTest3" name="loginTest" time="0.002"/>
  <testcase classname="testngpart2.MyTest3" name="loginTest" time="0.020"/>
</testsuite> <!-- testngpart2.MyTest3 -->
